#
# A fatal error has been detected by the Java Runtime Environment:
#
#  EXCEPTION_ACCESS_VIOLATION (0xc0000005) at pc=0x00007ff8ea2d33e0, pid=1068, tid=0x0000000000001d4c
#
# JRE version: Java(TM) SE Runtime Environment (8.0_261-b12) (build 1.8.0_261-b12)
# Java VM: Java HotSpot(TM) 64-Bit Server VM (25.261-b12 mixed mode windows-amd64 compressed oops)
# Problematic frame:
# C  [ig7icd64.dll+0x933e0]
#
# Failed to write core dump. Minidumps are not enabled by default on client versions of Windows
#
# If you would like to submit a bug report, please visit:
#   http://bugreport.java.com/bugreport/crash.jsp
# The crash happened outside the Java Virtual Machine in native code.
# See problematic frame for where to report the bug.
#

---------------  T H R E A D  ---------------

Current thread (0x00000123fc280800):  JavaThread "main" [_thread_in_native, id=7500, stack(0x0000000af2200000,0x0000000af2300000)]

siginfo: ExceptionCode=0xc0000005, reading address 0x0000000000000004

Registers:
RAX=0x0000000000000000, RBX=0x0000012391631740, RCX=0x0000000000000000, RDX=0x0000000000000004
RSP=0x0000000af22fb8b0, RBP=0x0000000af22fb9e0, RSI=0x0000000000000004, RDI=0x00000123942e3000
R8 =0x0000000000000004, R9 =0x0000000000000000, R10=0x0000000000000001, R11=0x0000000af22fc020
R12=0x0000000af22fc02c, R13=0x0000000000000004, R14=0x0000012391b828e0, R15=0x0000000000000000
RIP=0x00007ff8ea2d33e0, EFLAGS=0x0000000000010202

Top of Stack: (sp=0x0000000af22fb8b0)
0x0000000af22fb8b0:   0000000000000001 0000000000000000
0x0000000af22fb8c0:   000001239164da40 00007ff8ea240001
0x0000000af22fb8d0:   0000000af22fc028 00007ff8ea3bb7d8
0x0000000af22fb8e0:   0000000af22fb9e0 0000000af22fc02c
0x0000000af22fb8f0:   0000012391631740 0000000000000004
0x0000000af22fb900:   0000000000000000 0000000af22fc02c
0x0000000af22fb910:   0000000af22fc028 0000000af22fc020
0x0000000af22fb920:   0000000af22fc6b8 00000000fe5a1078
0x0000000af22fb930:   0000000000000001 000001239164da40
0x0000000af22fb940:   0000000000000000 0000012300000000
0x0000000af22fb950:   0000000af22fc020 0000012391b8c280
0x0000000af22fb960:   0000012300000000 00000123933c03f8
0x0000000af22fb970:   0000000000000020 00000123fc170d50
0x0000000af22fb980:   00000123933c03fc 00000123933c0414
0x0000000af22fb990:   0000000000000000 0000000000000000
0x0000000af22fb9a0:   0000000000000040 000000000000001c 

Instructions: (pc=0x00007ff8ea2d33e0)
0x00007ff8ea2d33c0:   10 0f 28 3c 24 41 83 e0 0f 74 4a 45 8b d0 44 8b
0x00007ff8ea2d33d0:   c9 49 c1 ea 02 4d 85 d2 74 1e 66 0f 1f 44 00 00
0x00007ff8ea2d33e0:   8b 02 41 ff c1 48 83 c7 04 89 47 fc 41 8b c1 48
0x00007ff8ea2d33f0:   83 c2 04 49 3b c2 72 e8 41 83 e0 03 76 17 48 2b 


Register to memory mapping:

RAX=0x0000000000000000 is an unknown value
RBX=0x0000012391631740 is an unknown value
RCX=0x0000000000000000 is an unknown value
RDX=0x0000000000000004 is an unknown value
RSP=0x0000000af22fb8b0 is pointing into the stack for thread: 0x00000123fc280800
RBP=0x0000000af22fb9e0 is pointing into the stack for thread: 0x00000123fc280800
RSI=0x0000000000000004 is an unknown value
RDI=0x00000123942e3000 is an unknown value
R8 =0x0000000000000004 is an unknown value
R9 =0x0000000000000000 is an unknown value
R10=0x0000000000000001 is an unknown value
R11=0x0000000af22fc020 is pointing into the stack for thread: 0x00000123fc280800
R12=0x0000000af22fc02c is pointing into the stack for thread: 0x00000123fc280800
R13=0x0000000000000004 is an unknown value
R14=0x0000012391b828e0 is an unknown value
R15=0x0000000000000000 is an unknown value


Stack: [0x0000000af2200000,0x0000000af2300000],  sp=0x0000000af22fb8b0,  free space=1006k
Native frames: (J=compiled Java code, j=interpreted, Vv=VM code, C=native code)
C  [ig7icd64.dll+0x933e0]
C  [ig7icd64.dll+0x17b7d8]
C  [ig7icd64.dll+0x215c74]
C  [ig7icd64.dll+0x6d05e]
C  [ig7icd64.dll+0x2447b5]
C  [ig7icd64.dll+0x92545]
C  [ig7icd64.dll+0x2a4d18]
C  [ig7icd64.dll+0x2a4eba]
C  [ig7icd64.dll+0x2a69fa]
C  0x0000012380019f4e

Java frames: (J=compiled Java code, j=interpreted, Vv=VM code)
j  org.lwjgl.opengl.GL11C.nglDrawElements(IIIJ)V+0
j  org.lwjgl.opengl.GL11C.glDrawElements(ILjava/nio/ShortBuffer;)V+12
j  org.lwjgl.opengl.GL11.glDrawElements(ILjava/nio/ShortBuffer;)V+2
j  com.badlogic.gdx.backends.lwjgl3.Lwjgl3GL20.glDrawElements(IIILjava/nio/Buffer;)V+21
j  com.ICompany.ReinEmp.game.base.Mesh.draw(Lcom/ICompany/ReinEmp/game/base/ShaderProgram;I)V+114
j  com.ICompany.ReinEmp.game.renderer.ChunkMapRenderer.render()V+8
j  com.ICompany.ReinEmp.game.core.ChunkMap.render()V+4
j  com.ICompany.ReinEmp.game.MainReinemp.render()V+41
j  com.badlogic.gdx.backends.lwjgl3.Lwjgl3Window.update()Z+187
j  com.badlogic.gdx.backends.lwjgl3.Lwjgl3Application.loop()V+111
j  com.badlogic.gdx.backends.lwjgl3.Lwjgl3Application.<init>(Lcom/badlogic/gdx/ApplicationListener;Lcom/badlogic/gdx/backends/lwjgl3/Lwjgl3ApplicationConfiguration;)V+243
j  com.ICompany.ReinEmp.MainActivity.main([Ljava/lang/String;)V+32
v  ~StubRoutines::call_stub

---------------  P R O C E S S  ---------------

Java Threads: ( => current thread )
  0x00000123ff4d9800 JavaThread "Service Thread" daemon [_thread_blocked, id=3788, stack(0x0000000af2f00000,0x0000000af3000000)]
  0x00000123ff497000 JavaThread "C1 CompilerThread2" daemon [_thread_blocked, id=6500, stack(0x0000000af2e00000,0x0000000af2f00000)]
  0x00000123ff46b000 JavaThread "C2 CompilerThread1" daemon [_thread_blocked, id=2276, stack(0x0000000af2d00000,0x0000000af2e00000)]
  0x00000123ff461000 JavaThread "C2 CompilerThread0" daemon [_thread_blocked, id=7704, stack(0x0000000af2c00000,0x0000000af2d00000)]
  0x00000123ff45e800 JavaThread "Attach Listener" daemon [_thread_blocked, id=1188, stack(0x0000000af2b00000,0x0000000af2c00000)]
  0x00000123ff45a800 JavaThread "Signal Dispatcher" daemon [_thread_blocked, id=2984, stack(0x0000000af2a00000,0x0000000af2b00000)]
  0x00000123ff446000 JavaThread "Finalizer" daemon [_thread_blocked, id=872, stack(0x0000000af2900000,0x0000000af2a00000)]
  0x00000123fed11000 JavaThread "Reference Handler" daemon [_thread_blocked, id=8180, stack(0x0000000af2800000,0x0000000af2900000)]
=>0x00000123fc280800 JavaThread "main" [_thread_in_native, id=7500, stack(0x0000000af2200000,0x0000000af2300000)]

Other Threads:
  0x00000123ff423800 VMThread [stack: 0x0000000af2700000,0x0000000af2800000] [id=8628]
  0x00000123ff50f000 WatcherThread [stack: 0x0000000af3000000,0x0000000af3100000] [id=3140]

VM state:not at safepoint (normal execution)

VM Mutex/Monitor currently owned by a thread: None

heap address: 0x00000000c1a00000, size: 998 MB, Compressed Oops mode: 32-bit
Narrow klass base: 0x0000000000000000, Narrow klass shift: 3
Compressed class space size: 1073741824 Address: 0x0000000100000000

Heap:
 PSYoungGen      total 18944K, used 15487K [0x00000000eb380000, 0x00000000ec880000, 0x0000000100000000)
  eden space 16384K, 94% used [0x00000000eb380000,0x00000000ec29fd78,0x00000000ec380000)
  from space 2560K, 0% used [0x00000000ec600000,0x00000000ec600000,0x00000000ec880000)
  to   space 2560K, 0% used [0x00000000ec380000,0x00000000ec380000,0x00000000ec600000)
 ParOldGen       total 44032K, used 0K [0x00000000c1a00000, 0x00000000c4500000, 0x00000000eb380000)
  object space 44032K, 0% used [0x00000000c1a00000,0x00000000c1a00000,0x00000000c4500000)
 Metaspace       used 9412K, capacity 9667K, committed 9984K, reserved 1058816K
  class space    used 872K, capacity 940K, committed 1024K, reserved 1048576K

Card table byte_map: [0x00000123fded0000,0x00000123fe0d0000] byte_map_base: 0x00000123fd8c3000

Marking Bits: (ParMarkBitMap*) 0x00000000539a4fb0
 Begin Bits: [0x000001238f000000, 0x000001238ff98000)
 End Bits:   [0x000001238ff98000, 0x0000012390f30000)

Polling page: 0x00000123fc200000

CodeCache: size=245760Kb used=2828Kb max_used=2837Kb free=242931Kb
 bounds [0x0000012380000000, 0x00000123802d0000, 0x000001238f000000]
 total_blobs=1513 nmethods=629 adapters=797
 compilation: enabled

Compilation events (10 events):
Event: 1.320 Thread 0x00000123ff461000 nmethod 620 0x00000123802b7bd0 code [0x00000123802b7d20, 0x00000123802b7eb8]
Event: 1.322 Thread 0x00000123ff46b000 nmethod 619 0x00000123802bfa50 code [0x00000123802bfc60, 0x00000123802c0ec0]
Event: 1.326 Thread 0x00000123ff461000  624       4       sun.net.www.ParseUtil::encodePath (336 bytes)
Event: 1.329 Thread 0x00000123ff497000  625       3       java.lang.Throwable::<init> (39 bytes)
Event: 1.330 Thread 0x00000123ff497000 nmethod 625 0x00000123802b7310 code [0x00000123802b74a0, 0x00000123802b7a50]
Event: 1.345 Thread 0x00000123ff461000 nmethod 624 0x00000123802bd390 code [0x00000123802bd520, 0x00000123802bde68]
Event: 1.381 Thread 0x00000123ff46b000  626       4       java.lang.String::substring (79 bytes)
Event: 1.383 Thread 0x00000123ff497000  627       3       java.net.URLStreamHandler::toExternalForm (219 bytes)
Event: 1.387 Thread 0x00000123ff497000 nmethod 627 0x00000123802c21d0 code [0x00000123802c2520, 0x00000123802c5ad0]
Event: 1.389 Thread 0x00000123ff46b000 nmethod 626 0x00000123802bef90 code [0x00000123802bf100, 0x00000123802bf518]

GC Heap History (0 events):
No events

Deoptimization events (0 events):
No events

Classes redefined (0 events):
No events

Internal exceptions (10 events):
Event: 0.616 Thread 0x00000123fc280800 Exception <a 'sun/nio/fs/WindowsException'> (0x00000000eb9f1e60) thrown at [C:\jenkins\workspace\8-2-build-windows-amd64-cygwin\jdk8u261\295\hotspot\src\share\vm\prims\jni.cpp, line 710]
Event: 0.616 Thread 0x00000123fc280800 Exception <a 'sun/nio/fs/WindowsException'> (0x00000000eb9f2608) thrown at [C:\jenkins\workspace\8-2-build-windows-amd64-cygwin\jdk8u261\295\hotspot\src\share\vm\prims\jni.cpp, line 710]
Event: 0.616 Thread 0x00000123fc280800 Exception <a 'sun/nio/fs/WindowsException'> (0x00000000eb9f3350) thrown at [C:\jenkins\workspace\8-2-build-windows-amd64-cygwin\jdk8u261\295\hotspot\src\share\vm\prims\jni.cpp, line 710]
Event: 0.617 Thread 0x00000123fc280800 Exception <a 'sun/nio/fs/WindowsException'> (0x00000000eb9f3af8) thrown at [C:\jenkins\workspace\8-2-build-windows-amd64-cygwin\jdk8u261\295\hotspot\src\share\vm\prims\jni.cpp, line 710]
Event: 0.617 Thread 0x00000123fc280800 Exception <a 'sun/nio/fs/WindowsException'> (0x00000000eb9f4840) thrown at [C:\jenkins\workspace\8-2-build-windows-amd64-cygwin\jdk8u261\295\hotspot\src\share\vm\prims\jni.cpp, line 710]
Event: 0.617 Thread 0x00000123fc280800 Exception <a 'sun/nio/fs/WindowsException'> (0x00000000eb9f4fe8) thrown at [C:\jenkins\workspace\8-2-build-windows-amd64-cygwin\jdk8u261\295\hotspot\src\share\vm\prims\jni.cpp, line 710]
Event: 0.855 Thread 0x00000123fc280800 Exception <a 'sun/nio/fs/WindowsException'> (0x00000000ebbdda68) thrown at [C:\jenkins\workspace\8-2-build-windows-amd64-cygwin\jdk8u261\295\hotspot\src\share\vm\prims\jni.cpp, line 710]
Event: 0.855 Thread 0x00000123fc280800 Exception <a 'sun/nio/fs/WindowsException'> (0x00000000ebbde1a8) thrown at [C:\jenkins\workspace\8-2-build-windows-amd64-cygwin\jdk8u261\295\hotspot\src\share\vm\prims\jni.cpp, line 710]
Event: 0.857 Thread 0x00000123fc280800 Exception <a 'sun/nio/fs/WindowsException'> (0x00000000ebbe4a20) thrown at [C:\jenkins\workspace\8-2-build-windows-amd64-cygwin\jdk8u261\295\hotspot\src\share\vm\prims\jni.cpp, line 710]
Event: 0.857 Thread 0x00000123fc280800 Exception <a 'sun/nio/fs/WindowsException'> (0x00000000ebbe5018) thrown at [C:\jenkins\workspace\8-2-build-windows-amd64-cygwin\jdk8u261\295\hotspot\src\share\vm\prims\jni.cpp, line 710]

Events (10 events):
Event: 1.461 loading class org/lwjgl/opengl/GL12C
Event: 1.461 loading class org/lwjgl/opengl/GL12C done
Event: 1.475 loading class org/lwjgl/system/APIUtil$Encoder
Event: 1.475 loading class org/lwjgl/system/APIUtil$Encoder done
Event: 1.475 loading class org/lwjgl/system/APIUtil$Encoder
Event: 1.475 loading class org/lwjgl/system/APIUtil$Encoder done
Event: 1.488 loading class com/ICompany/ReinEmp/game/base/Mesh
Event: 1.488 loading class com/ICompany/ReinEmp/game/base/Mesh done
Event: 1.489 loading class java/nio/HeapFloatBuffer
Event: 1.489 loading class java/nio/HeapFloatBuffer done


Dynamic libraries:
0x00007ff7f1ad0000 - 0x00007ff7f1b17000 	C:\Program Files\Java\jre1.8.0_261\bin\javaw.exe
0x00007ff9330d0000 - 0x00007ff9332c5000 	C:\WINDOWS\SYSTEM32\ntdll.dll
0x00007ff915e90000 - 0x00007ff915ea6000 	C:\Program Files\Avast Software\Avast\aswhook.dll
0x00007ff932f10000 - 0x00007ff932fce000 	C:\WINDOWS\System32\KERNEL32.DLL
0x00007ff9309d0000 - 0x00007ff930c98000 	C:\WINDOWS\System32\KERNELBASE.dll
0x00007ff932680000 - 0x00007ff93272e000 	C:\WINDOWS\System32\ADVAPI32.dll
0x00007ff9324a0000 - 0x00007ff93253e000 	C:\WINDOWS\System32\msvcrt.dll
0x00007ff931200000 - 0x00007ff93129c000 	C:\WINDOWS\System32\sechost.dll
0x00007ff932370000 - 0x00007ff932495000 	C:\WINDOWS\System32\RPCRT4.dll
0x00007ff9312a0000 - 0x00007ff931441000 	C:\WINDOWS\System32\USER32.dll
0x00007ff930cf0000 - 0x00007ff930d12000 	C:\WINDOWS\System32\win32u.dll
0x00007ff932c60000 - 0x00007ff932c8b000 	C:\WINDOWS\System32\GDI32.dll
0x00007ff930d20000 - 0x00007ff930e2d000 	C:\WINDOWS\System32\gdi32full.dll
0x00007ff930e30000 - 0x00007ff930ecd000 	C:\WINDOWS\System32\msvcp_win.dll
0x00007ff930840000 - 0x00007ff930940000 	C:\WINDOWS\System32\ucrtbase.dll
0x00007ff9170e0000 - 0x00007ff91737a000 	C:\WINDOWS\WinSxS\amd64_microsoft.windows.common-controls_6595b64144ccf1df_6.0.19041.1110_none_60b5254171f9507e\COMCTL32.dll
0x00007ff933060000 - 0x00007ff933090000 	C:\WINDOWS\System32\IMM32.DLL
0x00007ff922e40000 - 0x00007ff922e55000 	C:\Program Files\Java\jre1.8.0_261\bin\vcruntime140.dll
0x00007ff918b10000 - 0x00007ff918bab000 	C:\Program Files\Java\jre1.8.0_261\bin\msvcp140.dll
0x00000000531b0000 - 0x0000000053a1c000 	C:\Program Files\Java\jre1.8.0_261\bin\server\jvm.dll
0x00007ff9311f0000 - 0x00007ff9311f8000 	C:\WINDOWS\System32\PSAPI.DLL
0x00007ff917680000 - 0x00007ff9176a7000 	C:\WINDOWS\SYSTEM32\WINMM.dll
0x00007ff927980000 - 0x00007ff92798a000 	C:\WINDOWS\SYSTEM32\VERSION.dll
0x00007ff923fa0000 - 0x00007ff923fa9000 	C:\WINDOWS\SYSTEM32\WSOCK32.dll
0x00007ff932c90000 - 0x00007ff932cfb000 	C:\WINDOWS\System32\WS2_32.dll
0x00007ff92e750000 - 0x00007ff92e762000 	C:\WINDOWS\SYSTEM32\kernel.appcore.dll
0x00007ff923650000 - 0x00007ff923660000 	C:\Program Files\Java\jre1.8.0_261\bin\verify.dll
0x00007ff91d2a0000 - 0x00007ff91d2cb000 	C:\Program Files\Java\jre1.8.0_261\bin\java.dll
0x00007ff922e20000 - 0x00007ff922e38000 	C:\Program Files\Java\jre1.8.0_261\bin\zip.dll
0x00007ff931c20000 - 0x00007ff932364000 	C:\WINDOWS\System32\SHELL32.dll
0x00007ff92e950000 - 0x00007ff92f0e5000 	C:\WINDOWS\SYSTEM32\windows.storage.dll
0x00007ff931740000 - 0x00007ff931a95000 	C:\WINDOWS\System32\combase.dll
0x00007ff930220000 - 0x00007ff93024e000 	C:\WINDOWS\SYSTEM32\Wldp.dll
0x00007ff932bb0000 - 0x00007ff932c5d000 	C:\WINDOWS\System32\SHCORE.dll
0x00007ff931aa0000 - 0x00007ff931af5000 	C:\WINDOWS\System32\shlwapi.dll
0x00007ff930780000 - 0x00007ff93079f000 	C:\WINDOWS\SYSTEM32\profapi.dll
0x0000000065ac0000 - 0x0000000065aea000 	C:\Users\Erick\AppData\Local\Temp\libgdxErick\c82eff90\gdx64.dll
0x00007ff918af0000 - 0x00007ff918b0c000 	C:\Program Files\Java\jre1.8.0_261\bin\net.dll
0x00007ff92ff20000 - 0x00007ff92ff8a000 	C:\WINDOWS\system32\mswsock.dll
0x00007ff918ad0000 - 0x00007ff918ae3000 	C:\Program Files\Java\jre1.8.0_261\bin\nio.dll
0x00007ff9075a0000 - 0x00007ff907604000 	C:\Users\Erick\Documents\MeusProjetos\Eclipse_workspace\Reinemp\libs\native\lwjgl.dll
0x00007ff907530000 - 0x00007ff907592000 	C:\Users\Erick\Documents\MeusProjetos\Eclipse_workspace\Reinemp\libs\native\glfw.dll
0x00007ff92e1f0000 - 0x00007ff92e28e000 	C:\WINDOWS\system32\uxtheme.dll
0x00007ff9098e0000 - 0x00007ff909925000 	C:\WINDOWS\SYSTEM32\dinput8.dll
0x00007ff90cd40000 - 0x00007ff90cd51000 	C:\WINDOWS\SYSTEM32\xinput1_4.dll
0x00007ff930ca0000 - 0x00007ff930cee000 	C:\WINDOWS\System32\cfgmgr32.dll
0x00007ff930570000 - 0x00007ff9305a4000 	C:\WINDOWS\SYSTEM32\DEVOBJ.dll
0x00007ff9245d0000 - 0x00007ff924722000 	C:\WINDOWS\SYSTEM32\inputhost.dll
0x00007ff932d00000 - 0x00007ff932dcd000 	C:\WINDOWS\System32\OLEAUT32.dll
0x00007ff92d080000 - 0x00007ff92d1d4000 	C:\WINDOWS\SYSTEM32\wintypes.dll
0x00007ff92dab0000 - 0x00007ff92dba2000 	C:\WINDOWS\SYSTEM32\CoreMessaging.dll
0x00007ff92dcb0000 - 0x00007ff92dda6000 	C:\WINDOWS\SYSTEM32\PROPSYS.dll
0x00007ff930f80000 - 0x00007ff931002000 	C:\WINDOWS\System32\bcryptPrimitives.dll
0x00007ff92d750000 - 0x00007ff92daae000 	C:\WINDOWS\SYSTEM32\CoreUIComponents.dll
0x00007ff92f530000 - 0x00007ff92f563000 	C:\WINDOWS\SYSTEM32\ntmarta.dll
0x00007ff92e360000 - 0x00007ff92e38f000 	C:\WINDOWS\SYSTEM32\dwmapi.dll
0x00007ff931b00000 - 0x00007ff931c15000 	C:\WINDOWS\System32\MSCTF.dll
0x00007ff92f0f0000 - 0x00007ff92f0fd000 	C:\WINDOWS\SYSTEM32\HID.DLL
0x00007ff932730000 - 0x00007ff932ba2000 	C:\WINDOWS\System32\SETUPAPI.DLL
0x00007ff930940000 - 0x00007ff930967000 	C:\WINDOWS\System32\bcrypt.dll
0x00007ff930970000 - 0x00007ff9309d0000 	C:\WINDOWS\System32\WINTRUST.dll
0x00007ff931010000 - 0x00007ff931166000 	C:\WINDOWS\System32\CRYPT32.dll
0x00007ff9303b0000 - 0x00007ff9303c2000 	C:\WINDOWS\SYSTEM32\MSASN1.dll
0x00007ff906d60000 - 0x00007ff906e6b000 	C:\Users\Erick\Documents\MeusProjetos\Eclipse_workspace\Reinemp\libs\native\OpenAL.dll
0x00007ff931460000 - 0x00007ff93158a000 	C:\WINDOWS\System32\ole32.dll
0x00007ff9325d0000 - 0x00007ff932679000 	C:\WINDOWS\System32\clbcatq.dll
0x00007ff927d30000 - 0x00007ff927db5000 	C:\WINDOWS\System32\MMDevApi.dll
0x00007ff927dc0000 - 0x00007ff927f41000 	C:\WINDOWS\SYSTEM32\AUDIOSES.DLL
0x00007ff930600000 - 0x00007ff93064b000 	C:\WINDOWS\SYSTEM32\powrprof.dll
0x00007ff9305e0000 - 0x00007ff9305f2000 	C:\WINDOWS\SYSTEM32\UMPDC.dll
0x00007ff92e390000 - 0x00007ff92e3a4000 	C:\WINDOWS\SYSTEM32\resourcepolicyclient.dll
0x00007ff91a980000 - 0x00007ff91aaa5000 	C:\WINDOWS\SYSTEM32\opengl32.dll
0x00007ff9235e0000 - 0x00007ff92360c000 	C:\WINDOWS\SYSTEM32\GLU32.dll
0x00007ff9296c0000 - 0x00007ff9297b9000 	C:\Windows\System32\AppXDeploymentClient.dll
0x00007ff8ea240000 - 0x00007ff8eaa73000 	C:\WINDOWS\SYSTEM32\ig7icd64.dll
0x00007ff9262b0000 - 0x00007ff92670f000 	C:\WINDOWS\SYSTEM32\igdusc64.dll
0x00007ff92de20000 - 0x00007ff92de34000 	C:\WINDOWS\SYSTEM32\WTSAPI32.dll
0x00007ff92f130000 - 0x00007ff92f224000 	C:\WINDOWS\SYSTEM32\dxgi.dll
0x00007ff92c850000 - 0x00007ff92cab4000 	C:\WINDOWS\SYSTEM32\d3d11.dll
0x00007ff926710000 - 0x00007ff9272b3000 	C:\WINDOWS\SYSTEM32\igd10iumd64.dll
0x00007ff930290000 - 0x00007ff9302b7000 	C:\WINDOWS\SYSTEM32\ncrypt.dll
0x00007ff930250000 - 0x00007ff93028b000 	C:\WINDOWS\SYSTEM32\NTASN1.dll
0x00007ff92bf00000 - 0x00007ff92bf3b000 	C:\WINDOWS\SYSTEM32\dxcore.dll
0x00007ff909010000 - 0x00007ff909069000 	C:\Users\Erick\AppData\Local\Temp\lwjglErick\3.2.3-SNAPSHOT\lwjgl_opengl.dll
0x00007ff924730000 - 0x00007ff924829000 	C:\WINDOWS\SYSTEM32\textinputframework.dll
0x00007ff9259b0000 - 0x00007ff925b94000 	C:\WINDOWS\SYSTEM32\dbghelp.dll

VM Arguments:
jvm_args: -Djava.library.path=C:\Users\Erick\Documents\MeusProjetos\Eclipse_workspace\Reinemp\libs\native;C:\Users\Erick\Documents\MeusProjetos\Eclipse_workspace\Reinemp\libs\native;C:\Users\Erick\Documents\MeusProjetos\Eclipse_workspace\Reinemp\libs\native;C:\Users\Erick\Documents\MeusProjetos\Eclipse_workspace\Reinemp\libs\native;C:\Users\Erick\Documents\MeusProjetos\Eclipse_workspace\Reinemp\libs\native -Dfile.encoding=UTF-8 
java_command: com.ICompany.ReinEmp.MainActivity
java_class_path (initial): C:\Users\Erick\Documents\MeusProjetos\Eclipse_workspace\Reinemp\bin;C:\Users\Erick\Documents\MeusProjetos\Eclipse_workspace\Reinemp\libs\jars\gdx-backend-lwjgl3.jar;C:\Users\Erick\Documents\MeusProjetos\Eclipse_workspace\Reinemp\libs\jars\gdx-natives.jar;C:\Users\Erick\Documents\MeusProjetos\Eclipse_workspace\Reinemp\libs\jars\gdx.jar;C:\Users\Erick\Documents\MeusProjetos\Eclipse_workspace\Reinemp\libs\jars\lwjgl-opengl-natives-windows.jar;C:\Users\Erick\Documents\MeusProjetos\Eclipse_workspace\Reinemp\libs\jars\lwjgl-opengl.jar
Launcher Type: SUN_STANDARD

Environment Variables:
JAVA_HOME=C:\Program Files\Java\jdk1.8.0_281\bin
PATH=C:/Program Files/Java/jre1.8.0_281/bin/server;C:/Program Files/Java/jre1.8.0_281/bin;C:/Program Files/Java/jre1.8.0_281/lib/amd64;C:\Program Files\Common Files\Oracle\Java\javapath;C:\Program Files (x86)\Common Files\Oracle\Java\javapath;C:\WINDOWS\system32;C:\WINDOWS;C:\WINDOWS\System32\Wbem;C:\WINDOWS\System32\WindowsPowerShell\v1.0\;C:\WINDOWS\System32\OpenSSH\;C:\Program Files\dotnet\;C:\Program Files\Microsoft SQL Server\130\Tools\Binn\;C:\Program Files (x86)\dotnet\;C:\Program Files\CMake\bin;C:\Users\Erick\AppData\Local\Microsoft\WindowsApps;C:\Users\Erick\.dotnet\tools;C:\Users\Erick\AppData\Local\GitHubDesktop\bin;C:\Users\Erick\Documents\Programas\eclipse\2018\eclipse;
USERNAME=Erick
OS=Windows_NT
PROCESSOR_IDENTIFIER=Intel64 Family 6 Model 58 Stepping 9, GenuineIntel



---------------  S Y S T E M  ---------------

OS: Windows 10.0 , 64 bit Build 19041 (10.0.19041.1466)

CPU:total 4 (initial active 4) (2 cores per cpu, 2 threads per core) family 6 model 58 stepping 9, cmov, cx8, fxsr, mmx, sse, sse2, sse3, ssse3, sse4.1, sse4.2, popcnt, avx, clmul, erms, ht, tsc, tscinvbit, tscinv

Memory: 4k page, physical 4080552k(927424k free), swap 12469160k(8913616k free)

vm_info: Java HotSpot(TM) 64-Bit Server VM (25.261-b12) for windows-amd64 JRE (1.8.0_261-b12), built on Jun 18 2020 06:56:32 by "" with unknown MS VC++:1916

time: Wed Jan 26 11:58:49 2022
timezone: Hora oficial do Brasil
elapsed time: 1 seconds (0d 0h 0m 1s)

